<?xml version="1.0" encoding="UTF-8"?>
<testng-results skipped="0" failed="0" ignored="0" total="1" passed="1">
  <reporter-output>
  </reporter-output>
  <suite name="Default suite" duration-ms="29997" started-at="2018-07-05T18:03:03Z" finished-at="2018-07-05T18:03:33Z">
    <groups>
    </groups>
    <test name="Default test" duration-ms="29997" started-at="2018-07-05T18:03:03Z" finished-at="2018-07-05T18:03:33Z">
      <class name="automationFrameWork.Module_TC">
        <test-method status="PASS" signature="EndToEnd()[pri:0, instance:automationFrameWork.Module_TC@224edc67]" name="EndToEnd" duration-ms="29935" started-at="2018-07-05T18:03:03Z" finished-at="2018-07-05T18:03:33Z">
          <reporter-output>
          </reporter-output>
        </test-method> <!-- EndToEnd -->
      </class> <!-- automationFrameWork.Module_TC -->
    </test> <!-- Default test -->
  </suite> <!-- Default suite -->
</testng-results>
